#
# A fatal error has been detected by the Java Runtime Environment:
#
#  EXCEPTION_ACCESS_VIOLATION (0xc0000005) at pc=0x00007ffbd227ea49, pid=7056, tid=0x00000000000011c8
#
# JRE version: Java(TM) SE Runtime Environment (8.0_144-b01) (build 1.8.0_144-b01)
# Java VM: Java HotSpot(TM) 64-Bit Server VM (25.144-b01 mixed mode windows-amd64 compressed oops)
# Problematic frame:
# C  [lwjgl_opengl.dll+0xea49]
#
# Failed to write core dump. Minidumps are not enabled by default on client versions of Windows
#
# If you would like to submit a bug report, please visit:
#   http://bugreport.java.com/bugreport/crash.jsp
# The crash happened outside the Java Virtual Machine in native code.
# See problematic frame for where to report the bug.
#

---------------  T H R E A D  ---------------

Current thread (0x00000000021c3000):  JavaThread "main" [_thread_in_native, id=4552, stack(0x0000000001fc0000,0x00000000020c0000)]

siginfo: ExceptionCode=0xc0000005, reading address 0x00000000000003b0

Registers:
RAX=0x0000000065fa1d50, RBX=0x000000001e41f238, RCX=0x0000000000000000, RDX=0x00000000020bdf40
RSP=0x00000000020bdea8, RBP=0x00000000020bdf30, RSI=0x0000000000000108, RDI=0x00000000022c835d
R8 =0x000000000000000e, R9 =0x0000000001fb8890, R10=0x00000000022d7908, R11=0x0000000065a2bc50
R12=0x0000000000000000, R13=0x000000001e41f230, R14=0x00000000020bdf68, R15=0x00000000021c3000
RIP=0x00007ffbd227ea49, EFLAGS=0x0000000000010202

Top of Stack: (sp=0x00000000020bdea8)
0x00000000020bdea8:   00000000022d7934 00000000022c835d
0x00000000020bdeb8:   00000000022d769d 00000000021c3000
0x00000000020bdec8:   000000001e41f238 000000003e99999a
0x00000000020bded8:   000000003f800000 00000000020bdff8
0x00000000020bdee8:   00000000022d7662 00000000020bdef0
0x00000000020bdef8:   000000001e41f230 00000000020bdf68
0x00000000020bdf08:   000000001e448fd0 0000000000000000
0x00000000020bdf18:   000000001e41f238 0000000000000000
0x00000000020bdf28:   00000000020bdf50 00000000020bdfb0
0x00000000020bdf38:   00000000022c835d 00000000dc3299b8
0x00000000020bdf48:   00000000022d19d8 000000003f800000
0x00000000020bdf58:   000000003e99999a 000000003e99999a
0x00000000020bdf68:   000000003e4ccccd 00000000020bdf70
0x00000000020bdf78:   0000000015f842fc 00000000020bdff8
0x00000000020bdf88:   0000000015f84dd0 0000000000000000
0x00000000020bdf98:   0000000015f84468 00000000020bdf50 

Instructions: (pc=0x00007ffbd227ea49)
0x00007ffbd227ea29:   48 ff a1 78 03 00 00 48 8b 01 0f 28 cb f3 0f 10
0x00007ffbd227ea39:   5c 24 30 0f 28 c2 f3 0f 10 54 24 28 48 8b 48 18
0x00007ffbd227ea49:   48 ff a1 b0 03 00 00 48 8b 01 0f 28 c2 48 8b 48
0x00007ffbd227ea59:   18 48 ff a1 c8 03 00 00 cc cc cc cc cc cc cc cc 


Register to memory mapping:

RAX=0x0000000065fa1d50 is an unknown value
RBX={method} {0x000000001e41f240} 'glClearColor' '(FFFF)V' in 'org/lwjgl/opengl/GL11'
RCX=0x0000000000000000 is an unknown value
RDX=0x00000000020bdf40 is pointing into the stack for thread: 0x00000000021c3000
RSP=0x00000000020bdea8 is pointing into the stack for thread: 0x00000000021c3000
RBP=0x00000000020bdf30 is pointing into the stack for thread: 0x00000000021c3000
RSI=0x0000000000000108 is an unknown value
RDI=0x00000000022c835d is at code_begin+2301 in an Interpreter codelet
invoke return entry points  [0x00000000022c7a60, 0x00000000022c8440]  2528 bytes
R8 =0x000000000000000e is an unknown value
R9 =0x0000000001fb8890 is an unknown value
R10=0x00000000022d7908 is at code_begin+840 in an Interpreter codelet
method entry point (kind = native)  [0x00000000022d75c0, 0x00000000022d7f20]  2400 bytes
R11=0x0000000065a2bc50 is an unknown value
R12=0x0000000000000000 is an unknown value
R13=0x000000001e41f230 is pointing into metadata
R14=0x00000000020bdf68 is pointing into the stack for thread: 0x00000000021c3000
R15=0x00000000021c3000 is a thread


Stack: [0x0000000001fc0000,0x00000000020c0000],  sp=0x00000000020bdea8,  free space=1015k
Native frames: (J=compiled Java code, j=interpreted, Vv=VM code, C=native code)
C  [lwjgl_opengl.dll+0xea49]

Java frames: (J=compiled Java code, j=interpreted, Vv=VM code)
j  org.lwjgl.opengl.GL11.glClearColor(FFFF)V+0
j  lab4.Main.initial()V+84
j  lab4.Main.st()V+1
j  lab4.Main.main([Ljava/lang/String;)V+13
v  ~StubRoutines::call_stub
j  sun.reflect.NativeMethodAccessorImpl.invoke0(Ljava/lang/reflect/Method;Ljava/lang/Object;[Ljava/lang/Object;)Ljava/lang/Object;+0
j  sun.reflect.NativeMethodAccessorImpl.invoke(Ljava/lang/Object;[Ljava/lang/Object;)Ljava/lang/Object;+100
j  sun.reflect.DelegatingMethodAccessorImpl.invoke(Ljava/lang/Object;[Ljava/lang/Object;)Ljava/lang/Object;+6
j  java.lang.reflect.Method.invoke(Ljava/lang/Object;[Ljava/lang/Object;)Ljava/lang/Object;+56
j  com.sun.javafx.application.LauncherImpl.launchApplicationWithArgs(Ljava/lang/String;Ljava/lang/String;[Ljava/lang/String;)V+154
j  com.sun.javafx.application.LauncherImpl.launchApplication(Ljava/lang/String;Ljava/lang/String;[Ljava/lang/String;)V+409
v  ~StubRoutines::call_stub
j  sun.reflect.NativeMethodAccessorImpl.invoke0(Ljava/lang/reflect/Method;Ljava/lang/Object;[Ljava/lang/Object;)Ljava/lang/Object;+0
j  sun.reflect.NativeMethodAccessorImpl.invoke(Ljava/lang/Object;[Ljava/lang/Object;)Ljava/lang/Object;+100
j  sun.reflect.DelegatingMethodAccessorImpl.invoke(Ljava/lang/Object;[Ljava/lang/Object;)Ljava/lang/Object;+6
j  java.lang.reflect.Method.invoke(Ljava/lang/Object;[Ljava/lang/Object;)Ljava/lang/Object;+56
j  sun.launcher.LauncherHelper$FXHelper.main([Ljava/lang/String;)V+52
v  ~StubRoutines::call_stub

---------------  P R O C E S S  ---------------

Java Threads: ( => current thread )
  0x000000001880a800 JavaThread "Prism Font Disposer" daemon [_thread_blocked, id=5496, stack(0x000000001d370000,0x000000001d470000)]
  0x0000000018570000 JavaThread "Thread-2" daemon [_thread_in_native, id=5500, stack(0x000000001b5c0000,0x000000001b6c0000)]
  0x00000000184b7000 JavaThread "Thread-1" daemon [_thread_blocked, id=2456, stack(0x00000000194c0000,0x00000000195c0000)]
  0x0000000017ba3800 JavaThread "Service Thread" daemon [_thread_blocked, id=7884, stack(0x0000000018270000,0x0000000018370000)]
  0x0000000017b3f000 JavaThread "C1 CompilerThread2" daemon [_thread_blocked, id=7376, stack(0x0000000018170000,0x0000000018270000)]
  0x0000000017afa800 JavaThread "C2 CompilerThread1" daemon [_thread_blocked, id=7828, stack(0x0000000018070000,0x0000000018170000)]
  0x0000000017aeb000 JavaThread "C2 CompilerThread0" daemon [_thread_blocked, id=3780, stack(0x0000000017f70000,0x0000000018070000)]
  0x000000001656b000 JavaThread "Monitor Ctrl-Break" daemon [_thread_in_native, id=6924, stack(0x0000000017e70000,0x0000000017f70000)]
  0x0000000016528000 JavaThread "Attach Listener" daemon [_thread_blocked, id=7940, stack(0x0000000017970000,0x0000000017a70000)]
  0x0000000016525800 JavaThread "Signal Dispatcher" daemon [_thread_blocked, id=3660, stack(0x0000000017870000,0x0000000017970000)]
  0x000000001650a800 JavaThread "Finalizer" daemon [_thread_blocked, id=528, stack(0x0000000017770000,0x0000000017870000)]
  0x00000000164e9000 JavaThread "Reference Handler" daemon [_thread_blocked, id=5212, stack(0x0000000017670000,0x0000000017770000)]
=>0x00000000021c3000 JavaThread "main" [_thread_in_native, id=4552, stack(0x0000000001fc0000,0x00000000020c0000)]

Other Threads:
  0x00000000164e7800 VMThread [stack: 0x0000000017570000,0x0000000017670000] [id=7892]
  0x0000000017bae800 WatcherThread [stack: 0x0000000018370000,0x0000000018470000] [id=7344]

VM state:not at safepoint (normal execution)

VM Mutex/Monitor currently owned by a thread: None

Heap:
 PSYoungGen      total 33280K, used 24761K [0x00000000daf00000, 0x00000000dd400000, 0x0000000100000000)
  eden space 28672K, 74% used [0x00000000daf00000,0x00000000dc3d6708,0x00000000dcb00000)
  from space 4608K, 74% used [0x00000000dcb00000,0x00000000dce58040,0x00000000dcf80000)
  to   space 4608K, 0% used [0x00000000dcf80000,0x00000000dcf80000,0x00000000dd400000)
 ParOldGen       total 76800K, used 80K [0x0000000090c00000, 0x0000000095700000, 0x00000000daf00000)
  object space 76800K, 0% used [0x0000000090c00000,0x0000000090c14010,0x0000000095700000)
 Metaspace       used 18312K, capacity 19036K, committed 19328K, reserved 1067008K
  class space    used 2368K, capacity 2565K, committed 2688K, reserved 1048576K

Card table byte_map: [0x0000000011680000,0x0000000011a00000] byte_map_base: 0x00000000111fa000

Marking Bits: (ParMarkBitMap*) 0x000000006601d850
 Begin Bits: [0x0000000012060000, 0x0000000013c30000)
 End Bits:   [0x0000000013c30000, 0x0000000015800000)

Polling page: 0x00000000006d0000

CodeCache: size=245760Kb used=6803Kb max_used=6816Kb free=238956Kb
 bounds [0x00000000022c0000, 0x0000000002970000, 0x00000000112c0000]
 total_blobs=3200 nmethods=2136 adapters=976
 compilation: enabled

Compilation events (10 events):
Event: 7.135 Thread 0x0000000017b3f000 2132       3       sun.nio.ch.FileChannelImpl::ensureOpen (16 bytes)
Event: 7.136 Thread 0x0000000017b3f000 nmethod 2132 0x0000000002964990 code [0x0000000002964b00, 0x0000000002964da8]
Event: 7.136 Thread 0x0000000017b3f000 2133   !   3       sun.nio.ch.NativeThreadSet::add (155 bytes)
Event: 7.137 Thread 0x0000000017b3f000 nmethod 2133 0x0000000002963e10 code [0x0000000002963fa0, 0x0000000002964648]
Event: 7.137 Thread 0x0000000017b3f000 2134   !   3       sun.nio.ch.NativeThreadSet::remove (50 bytes)
Event: 7.138 Thread 0x0000000017b3f000 nmethod 2134 0x00000000029653d0 code [0x0000000002965540, 0x0000000002965988]
Event: 7.138 Thread 0x0000000017b3f000 2135       3       java.nio.Buffer::checkBounds (25 bytes)
Event: 7.138 Thread 0x0000000017b3f000 nmethod 2135 0x0000000002963990 code [0x0000000002963b00, 0x0000000002963d28]
Event: 7.142 Thread 0x0000000017b3f000 2136       3       java.lang.CharacterDataLatin1::getPropertiesEx (11 bytes)
Event: 7.142 Thread 0x0000000017b3f000 nmethod 2136 0x0000000002965b50 code [0x0000000002965ca0, 0x0000000002965e30]

GC Heap History (2 events):
Event: 2.034 GC heap before
{Heap before GC invocations=1 (full 0):
 PSYoungGen      total 33280K, used 28672K [0x00000000daf00000, 0x00000000dd400000, 0x0000000100000000)
  eden space 28672K, 100% used [0x00000000daf00000,0x00000000dcb00000,0x00000000dcb00000)
  from space 4608K, 0% used [0x00000000dcf80000,0x00000000dcf80000,0x00000000dd400000)
  to   space 4608K, 0% used [0x00000000dcb00000,0x00000000dcb00000,0x00000000dcf80000)
 ParOldGen       total 76800K, used 0K [0x0000000090c00000, 0x0000000095700000, 0x00000000daf00000)
  object space 76800K, 0% used [0x0000000090c00000,0x0000000090c00000,0x0000000095700000)
 Metaspace       used 12182K, capacity 12572K, committed 12800K, reserved 1060864K
  class space    used 1580K, capacity 1705K, committed 1792K, reserved 1048576K
Event: 2.044 GC heap after
Heap after GC invocations=1 (full 0):
 PSYoungGen      total 33280K, used 3424K [0x00000000daf00000, 0x00000000dd400000, 0x0000000100000000)
  eden space 28672K, 0% used [0x00000000daf00000,0x00000000daf00000,0x00000000dcb00000)
  from space 4608K, 74% used [0x00000000dcb00000,0x00000000dce58040,0x00000000dcf80000)
  to   space 4608K, 0% used [0x00000000dcf80000,0x00000000dcf80000,0x00000000dd400000)
 ParOldGen       total 76800K, used 80K [0x0000000090c00000, 0x0000000095700000, 0x00000000daf00000)
  object space 76800K, 0% used [0x0000000090c00000,0x0000000090c14010,0x0000000095700000)
 Metaspace       used 12182K, capacity 12572K, committed 12800K, reserved 1060864K
  class space    used 1580K, capacity 1705K, committed 1792K, reserved 1048576K
}

Deoptimization events (10 events):
Event: 2.753 Thread 0x00000000184bd000 Uncommon trap: reason=unstable_if action=reinterpret pc=0x0000000002640eb8 method=jdk.internal.org.objectweb.asm.Type.getArgumentsAndReturnSizes(Ljava/lang/String;)I @ 47
Event: 6.071 Thread 0x00000000021c3000 Uncommon trap: reason=class_check action=maybe_recompile pc=0x00000000026c09f0 method=java.io.FilterInputStream.read()I @ 4
Event: 6.072 Thread 0x00000000021c3000 Uncommon trap: reason=class_check action=maybe_recompile pc=0x00000000026c09f0 method=java.io.FilterInputStream.read()I @ 4
Event: 6.072 Thread 0x00000000021c3000 Uncommon trap: reason=class_check action=maybe_recompile pc=0x00000000026c09f0 method=java.io.FilterInputStream.read()I @ 4
Event: 6.072 Thread 0x00000000021c3000 Uncommon trap: reason=class_check action=maybe_recompile pc=0x00000000026c09f0 method=java.io.FilterInputStream.read()I @ 4
Event: 6.078 Thread 0x00000000021c3000 Uncommon trap: reason=unstable_if action=reinterpret pc=0x00000000025e23d4 method=java.lang.String.indexOf([CII[CIII)I @ 3
Event: 6.082 Thread 0x00000000021c3000 Uncommon trap: reason=bimorphic action=maybe_recompile pc=0x000000000266bd34 method=java.util.HashMap.putVal(ILjava/lang/Object;Ljava/lang/Object;ZZ)Ljava/lang/Object; @ 152
Event: 6.082 Thread 0x00000000021c3000 Uncommon trap: reason=bimorphic action=maybe_recompile pc=0x000000000266bd34 method=java.util.HashMap.putVal(ILjava/lang/Object;Ljava/lang/Object;ZZ)Ljava/lang/Object; @ 152
Event: 6.083 Thread 0x00000000021c3000 Uncommon trap: reason=bimorphic action=maybe_recompile pc=0x000000000266bd34 method=java.util.HashMap.putVal(ILjava/lang/Object;Ljava/lang/Object;ZZ)Ljava/lang/Object; @ 152
Event: 6.083 Thread 0x00000000021c3000 Uncommon trap: reason=bimorphic action=maybe_recompile pc=0x000000000266bd34 method=java.util.HashMap.putVal(ILjava/lang/Object;Ljava/lang/Object;ZZ)Ljava/lang/Object; @ 152

Internal exceptions (10 events):
Event: 0.566 Thread 0x00000000021c3000 Implicit null exception at 0x00000000023e5b95 to 0x00000000023e5d61
Event: 1.491 Thread 0x00000000184bd000 Exception <a 'java/lang/NullPointerException'> (0x00000000dc0f29f8) thrown at [C:\re\workspace\8-2-build-windows-amd64-cygwin\jdk8u144\9417\hotspot\src\share\vm\interpreter\linkResolver.cpp, line 1197]
Event: 1.491 Thread 0x00000000184bd000 Exception <a 'java/lang/NullPointerException'> (0x00000000dc0f29f8) thrown at [C:\re\workspace\8-2-build-windows-amd64-cygwin\jdk8u144\9417\hotspot\src\share\vm\prims\jvm.cpp, line 1394]
Event: 1.774 Thread 0x00000000184bd000 Exception <a 'java/lang/ArrayIndexOutOfBoundsException'> (0x00000000dc6b9228) thrown at [C:\re\workspace\8-2-build-windows-amd64-cygwin\jdk8u144\9417\hotspot\src\share\vm\runtime\sharedRuntime.cpp, line 605]
Event: 1.775 Thread 0x00000000184bd000 Exception <a 'java/lang/ArrayIndexOutOfBoundsException'> (0x00000000dc6bb7c8) thrown at [C:\re\workspace\8-2-build-windows-amd64-cygwin\jdk8u144\9417\hotspot\src\share\vm\runtime\sharedRuntime.cpp, line 605]
Event: 1.775 Thread 0x00000000184bd000 Exception <a 'java/lang/ArrayIndexOutOfBoundsException'> (0x00000000dc6bd670) thrown at [C:\re\workspace\8-2-build-windows-amd64-cygwin\jdk8u144\9417\hotspot\src\share\vm\runtime\sharedRuntime.cpp, line 605]
Event: 1.975 Thread 0x00000000184bd000 Implicit null exception at 0x00000000025cf1b5 to 0x00000000025cf3d1
Event: 5.952 Thread 0x00000000021c3000 Exception <a 'java/lang/NoSuchMethodError': java.lang.Object.lambda$static$0(Ljava/lang/String;)Ljava/lang/Boolean;> (0x00000000dbfe7e68) thrown at [C:\re\workspace\8-2-build-windows-amd64-cygwin\jdk8u144\9417\hotspot\src\share\vm\interpreter\linkResolver
Event: 7.140 Thread 0x00000000021c3000 Exception <a 'sun/nio/fs/WindowsException'> (0x00000000dc3a6268) thrown at [C:\re\workspace\8-2-build-windows-amd64-cygwin\jdk8u144\9417\hotspot\src\share\vm\prims\jni.cpp, line 709]
Event: 7.141 Thread 0x00000000021c3000 Exception <a 'sun/nio/fs/WindowsException'> (0x00000000dc3a7c88) thrown at [C:\re\workspace\8-2-build-windows-amd64-cygwin\jdk8u144\9417\hotspot\src\share\vm\prims\jni.cpp, line 709]

Events (10 events):
Event: 7.141 loading class java/nio/file/NoSuchFileException
Event: 7.141 loading class java/nio/file/FileSystemException
Event: 7.141 loading class java/nio/file/FileSystemException done
Event: 7.141 loading class java/nio/file/NoSuchFileException done
Event: 7.142 loading class org/lwjgl/opengl/GL$1
Event: 7.142 loading class org/lwjgl/opengl/GL$1 done
Event: 7.143 loading class org/lwjgl/opengl/GL$SharedLibraryGL
Event: 7.143 loading class org/lwjgl/opengl/GL$SharedLibraryGL done
Event: 7.143 loading class org/lwjgl/system/SharedLibrary$Delegate
Event: 7.143 loading class org/lwjgl/system/SharedLibrary$Delegate done


Dynamic libraries:
0x00007ff7dbd80000 - 0x00007ff7dbdb7000 	C:\Program Files\Java\jdk1.8.0_144\bin\java.exe
0x00007ffbef510000 - 0x00007ffbef6bd000 	C:\Windows\SYSTEM32\ntdll.dll
0x00007ffbee260000 - 0x00007ffbee39e000 	C:\Windows\system32\KERNEL32.DLL
0x00007ffbd2100000 - 0x00007ffbd2133000 	C:\Program Files\AVAST Software\Avast\x64\aswhooka.dll
0x00007ffbec8f0000 - 0x00007ffbeca05000 	C:\Windows\system32\KERNELBASE.dll
0x00007ffbeb1b0000 - 0x00007ffbeb23e000 	C:\Windows\system32\apphelp.dll
0x00007ffbdeb20000 - 0x00007ffbdeb73000 	C:\Windows\AppPatch\AppPatch64\AcGenral.DLL
0x00007ffbeea00000 - 0x00007ffbeeaaa000 	C:\Windows\system32\msvcrt.dll
0x00007ffbeca10000 - 0x00007ffbeca3e000 	C:\Windows\system32\SspiCli.dll
0x00007ffbee710000 - 0x00007ffbee764000 	C:\Windows\system32\SHLWAPI.dll
0x00007ffbecbb0000 - 0x00007ffbecd27000 	C:\Windows\system32\USER32.dll
0x00007ffbeefe0000 - 0x00007ffbef174000 	C:\Windows\system32\ole32.dll
0x00007ffbecd30000 - 0x00007ffbee259000 	C:\Windows\system32\SHELL32.dll
0x00007ffbebc00000 - 0x00007ffbebc21000 	C:\Windows\SYSTEM32\USERENV.dll
0x00007ffbee3e0000 - 0x00007ffbee48a000 	C:\Windows\system32\ADVAPI32.dll
0x00007ffbe5e90000 - 0x00007ffbe5eae000 	C:\Windows\SYSTEM32\MPR.dll
0x00007ffbeeb10000 - 0x00007ffbeec50000 	C:\Windows\system32\RPCRT4.dll
0x00007ffbee490000 - 0x00007ffbee4e9000 	C:\Windows\SYSTEM32\sechost.dll
0x00007ffbee4f0000 - 0x00007ffbee702000 	C:\Windows\SYSTEM32\combase.dll
0x00007ffbef2e0000 - 0x00007ffbef42b000 	C:\Windows\system32\GDI32.dll
0x00007ffbec640000 - 0x00007ffbec655000 	C:\Windows\SYSTEM32\profapi.dll
0x00007ffbeab80000 - 0x00007ffbeac32000 	C:\Windows\SYSTEM32\SHCORE.dll
0x00007ffbee3a0000 - 0x00007ffbee3d6000 	C:\Windows\system32\IMM32.DLL
0x00007ffbef180000 - 0x00007ffbef2d1000 	C:\Windows\system32\MSCTF.dll
0x00007ffbea2a0000 - 0x00007ffbea51b000 	C:\Windows\WinSxS\amd64_microsoft.windows.common-controls_6595b64144ccf1df_6.0.9600.18006_none_623f33d3ecbe86e8\COMCTL32.dll
0x00000000660a0000 - 0x0000000066172000 	C:\Program Files\Java\jdk1.8.0_144\jre\bin\msvcr100.dll
0x0000000065800000 - 0x000000006609d000 	C:\Program Files\Java\jdk1.8.0_144\jre\bin\server\jvm.dll
0x00007ffbe84e0000 - 0x00007ffbe84e9000 	C:\Windows\SYSTEM32\WSOCK32.dll
0x00007ffbea0f0000 - 0x00007ffbea112000 	C:\Windows\SYSTEM32\WINMM.dll
0x00007ffbea120000 - 0x00007ffbea12a000 	C:\Windows\SYSTEM32\VERSION.dll
0x00007ffbee900000 - 0x00007ffbee907000 	C:\Windows\system32\PSAPI.DLL
0x00007ffbeeab0000 - 0x00007ffbeeb0a000 	C:\Windows\system32\WS2_32.dll
0x00007ffbea0c0000 - 0x00007ffbea0ea000 	C:\Windows\SYSTEM32\WINMMBASE.dll
0x00007ffbee9f0000 - 0x00007ffbee9f9000 	C:\Windows\system32\NSI.dll
0x00007ffbecb50000 - 0x00007ffbecb9f000 	C:\Windows\SYSTEM32\cfgmgr32.dll
0x00007ffbeb450000 - 0x00007ffbeb478000 	C:\Windows\SYSTEM32\DEVOBJ.dll
0x00000000657f0000 - 0x00000000657ff000 	C:\Program Files\Java\jdk1.8.0_144\jre\bin\verify.dll
0x00000000657c0000 - 0x00000000657e9000 	C:\Program Files\Java\jdk1.8.0_144\jre\bin\java.dll
0x0000000065770000 - 0x0000000065793000 	C:\Program Files\Java\jdk1.8.0_144\jre\bin\instrument.dll
0x00000000657a0000 - 0x00000000657b6000 	C:\Program Files\Java\jdk1.8.0_144\jre\bin\zip.dll
0x00007ffbdeb00000 - 0x00007ffbdeb1a000 	C:\Program Files\JetBrains\IntelliJ IDEA Community Edition 2017.2.5\bin\breakgen64.dll
0x0000000063980000 - 0x000000006399a000 	C:\Program Files\Java\jdk1.8.0_144\jre\bin\net.dll
0x00007ffbebe70000 - 0x00007ffbebec9000 	C:\Windows\system32\mswsock.dll
0x00007ffbdc410000 - 0x00007ffbdc4ff000 	C:\Program Files\Java\jdk1.8.0_144\jre\bin\msvcr120.dll
0x00007ffbde720000 - 0x00007ffbde7c6000 	C:\Program Files\Java\jdk1.8.0_144\jre\bin\msvcp120.dll
0x0000000065740000 - 0x0000000065762000 	C:\Program Files\Java\jdk1.8.0_144\jre\bin\prism_d3d.dll
0x00007ffbd3940000 - 0x00007ffbd3b61000 	C:\Windows\system32\d3d9.dll
0x00007ffbeb240000 - 0x00007ffbeb261000 	C:\Windows\SYSTEM32\dwmapi.dll
0x00007ffbeb2d0000 - 0x00007ffbeb3f9000 	C:\Windows\system32\uxtheme.dll
0x00000000656f0000 - 0x0000000065733000 	C:\Program Files\Java\jdk1.8.0_144\jre\bin\glass.dll
0x00007ffbef450000 - 0x00007ffbef506000 	C:\Windows\system32\COMDLG32.dll
0x00007ffbee920000 - 0x00007ffbee9e6000 	C:\Windows\system32\OLEAUT32.dll
0x00007ffbeb4a0000 - 0x00007ffbeb4ab000 	C:\Windows\SYSTEM32\kernel.appcore.dll
0x00007ffbec510000 - 0x00007ffbec51b000 	C:\Windows\SYSTEM32\CRYPTBASE.dll
0x00007ffbec4a0000 - 0x00007ffbec503000 	C:\Windows\SYSTEM32\bcryptPrimitives.dll
0x00000000656d0000 - 0x00000000656e4000 	C:\Program Files\Java\jdk1.8.0_144\jre\bin\javafx_font.dll
0x00007ffbe8e00000 - 0x00007ffbe8fea000 	C:\Windows\SYSTEM32\dwrite.dll
0x00007ffbee770000 - 0x00007ffbee826000 	C:\Windows\SYSTEM32\clbcatq.dll
0x00007ffbea800000 - 0x00007ffbea9ae000 	C:\Windows\SYSTEM32\WindowsCodecs.dll
0x00007ffbebed0000 - 0x00007ffbebef0000 	C:\Windows\SYSTEM32\CRYPTSP.dll
0x00007ffbebaf0000 - 0x00007ffbebb26000 	C:\Windows\system32\rsaenh.dll
0x00007ffbec180000 - 0x00007ffbec1a6000 	C:\Windows\SYSTEM32\bcrypt.dll
0x00000000656b0000 - 0x00000000656c1000 	C:\Program Files\Java\jdk1.8.0_144\jre\bin\prism_common.dll
0x00007ffbe8810000 - 0x00007ffbe8c91000 	C:\Windows\SYSTEM32\d2d1.dll
0x00007ffbea5c0000 - 0x00007ffbea7f3000 	C:\Windows\SYSTEM32\d3d11.dll
0x00007ffbea520000 - 0x00007ffbea5a7000 	C:\Windows\SYSTEM32\dxgi.dll
0x00007ffbe5a10000 - 0x00007ffbe5c6f000 	C:\Windows\SYSTEM32\D3D10Warp.dll
0x0000000063960000 - 0x0000000063971000 	C:\Program Files\Java\jdk1.8.0_144\jre\bin\nio.dll
0x00007ffbde870000 - 0x00007ffbde8c8000 	C:\Users\prost(polzovatel)\AppData\Local\Temp\lwjglprost\3.1.3-SNAPSHOT\lwjgl.dll
0x00007ffbd96e0000 - 0x00007ffbd972d000 	C:\Users\PROST(~1\AppData\Local\Temp\lwjglprost\3.1.3-SNAPSHOT\glfw.dll
0x00007ffbd91a0000 - 0x00007ffbd91e2000 	C:\Windows\SYSTEM32\dinput8.dll
0x00007ffbe64b0000 - 0x00007ffbe64bd000 	C:\Windows\SYSTEM32\xinput1_4.dll
0x00007ffbeb820000 - 0x00007ffbeb82d000 	C:\Windows\SYSTEM32\HID.DLL
0x00007ffbeec50000 - 0x00007ffbeee2a000 	C:\Windows\system32\SETUPAPI.DLL
0x00007ffbecaf0000 - 0x00007ffbecb41000 	C:\Windows\system32\WINTRUST.dll
0x00007ffbec710000 - 0x00007ffbec8ef000 	C:\Windows\system32\CRYPT32.dll
0x00007ffbec6f0000 - 0x00007ffbec701000 	C:\Windows\system32\MSASN1.dll
0x00007ffbe13d0000 - 0x00007ffbe14fb000 	C:\Windows\SYSTEM32\opengl32.dll
0x00007ffbe1210000 - 0x00007ffbe123e000 	C:\Windows\SYSTEM32\GLU32.dll
0x00007ffbe1110000 - 0x00007ffbe1208000 	C:\Windows\SYSTEM32\DDRAW.dll
0x00007ffbe1020000 - 0x00007ffbe1029000 	C:\Windows\SYSTEM32\DCIMAN32.dll
0x00007ffbdeae0000 - 0x00007ffbdeaf8000 	C:\Windows\SYSTEM32\atig6pxx.dll
0x00007ffbe0ed0000 - 0x00007ffbe1011000 	C:\Windows\SYSTEM32\atiadlxx.dll
0x00007ffbe7fb0000 - 0x00007ffbe812f000 	C:\Windows\SYSTEM32\PROPSYS.dll
0x00007ffbeb270000 - 0x00007ffbeb282000 	C:\Windows\SYSTEM32\WTSAPI32.dll
0x00007ffbe7bd0000 - 0x00007ffbe7bfa000 	C:\Windows\SYSTEM32\IPHLPAPI.DLL
0x00007ffbe7b40000 - 0x00007ffbe7b4a000 	C:\Windows\SYSTEM32\WINNSI.DLL
0x0000000061a80000 - 0x000000006387d000 	C:\Windows\SYSTEM32\atio6axx.dll
0x00007ffbdc2c0000 - 0x00007ffbdc2ec000 	C:\Windows\SYSTEM32\atig6txx.dll
0x00007ffbd2270000 - 0x00007ffbd22cf000 	C:\Users\prost(polzovatel)\AppData\Local\Temp\lwjglprost\3.1.3-SNAPSHOT\lwjgl_opengl.dll
0x00007ffbe1240000 - 0x00007ffbe13c9000 	C:\Windows\SYSTEM32\dbghelp.dll

VM Arguments:
jvm_args: -javaagent:C:\Program Files\JetBrains\IntelliJ IDEA Community Edition 2017.2.5\lib\idea_rt.jar=50201:C:\Program Files\JetBrains\IntelliJ IDEA Community Edition 2017.2.5\bin -Dfile.encoding=UTF-8 
java_command: lab4.Main
java_class_path (initial): C:\Program Files\Java\jdk1.8.0_144\jre\lib\charsets.jar;C:\Program Files\Java\jdk1.8.0_144\jre\lib\deploy.jar;C:\Program Files\Java\jdk1.8.0_144\jre\lib\ext\access-bridge-64.jar;C:\Program Files\Java\jdk1.8.0_144\jre\lib\ext\cldrdata.jar;C:\Program Files\Java\jdk1.8.0_144\jre\lib\ext\dnsns.jar;C:\Program Files\Java\jdk1.8.0_144\jre\lib\ext\jaccess.jar;C:\Program Files\Java\jdk1.8.0_144\jre\lib\ext\jfxrt.jar;C:\Program Files\Java\jdk1.8.0_144\jre\lib\ext\localedata.jar;C:\Program Files\Java\jdk1.8.0_144\jre\lib\ext\nashorn.jar;C:\Program Files\Java\jdk1.8.0_144\jre\lib\ext\sunec.jar;C:\Program Files\Java\jdk1.8.0_144\jre\lib\ext\sunjce_provider.jar;C:\Program Files\Java\jdk1.8.0_144\jre\lib\ext\sunmscapi.jar;C:\Program Files\Java\jdk1.8.0_144\jre\lib\ext\sunpkcs11.jar;C:\Program Files\Java\jdk1.8.0_144\jre\lib\ext\zipfs.jar;C:\Program Files\Java\jdk1.8.0_144\jre\lib\javaws.jar;C:\Program Files\Java\jdk1.8.0_144\jre\lib\jce.jar;C:\Program Files\Java\jdk1.8.0_144\jre\lib\jfr.jar;C:\Program Files\Java\jdk1.8.0_144\jre\lib\jfxswt.jar;C:\Program Files\Java\jdk1.8.0_144\jre\lib\jsse.jar;C:\Program Files\Java\jdk1.8.0_144\jre\lib\management-agent.jar;C:\Program Files\Java\jdk1.8.0_144\jre\lib\plugin.jar;C:\Program Files\Java\jdk1.8.0_144\jre\lib\resources.jar;C:\Program Files\Java\jdk1.8.0_144\jre\lib\rt.jar;C:\Users\prost(polzovatel)\Desktop\cg45\target\classes;C:\Users\prost(polzovatel)\.m2\repository\org\lwjgl\lwjgl\3.1.3\lwjgl-3.1.3-natives-windows.jar;C:\Users\prost(polzovatel)\.m2\repository\org\lwjgl\lwjgl-glfw\3.1.3\lwjgl-glfw-3.1.3-natives-windows.jar;C:\Users\prost(polzovatel)\.m2\repository\org\lwjgl\lwjgl-jemalloc\3.1.3\lwjgl-jemalloc-3.1.3-natives-windows.jar;C:\Users\prost(polzovatel)\.m2\repository\org\lwjgl\lwjgl-openal\3.1.3\lwjgl-openal-3.1.3-natives-windows.jar;C:\Users\prost(polzovatel)\.m2\repository\org\lwjgl\lwjgl-opengl\3.1.3\lwjgl-opengl-3.1.3-natives-windows.jar;C:\Users\prost(polzovatel)\.m2\repository\org\lwjgl\lwjgl-
Launcher Type: SUN_STANDARD

Environment Variables:
PATH=C:\Python35\Lib\site-packages\PyQt5;C:\ProgramData\Oracle\Java\javapath;C:\Windows\system32;C:\Windows;C:\Windows\System32\Wbem;C:\Windows\System32\WindowsPowerShell\v1.0\;C:\Program Files (x86)\Acer\abFiles\;C:\Program Files (x86)\ATI Technologies\ATI.ACE\Core-Static;C:\Program Files (x86)\AMD\ATI.ACE\Core-Static;C:\Program Files (x86)\Dev-Cpp\MinGW64\bin;C:\Program Files\MiKTeX 2.9\miktex\bin\x64\;C:\Windows\system32\config\systemprofile\.dnx\bin;C:\Program Files\Microsoft DNX\Dnvm\;C:\Program Files\Microsoft SQL Server\130\Tools\Binn\;C:\HashiCorp\Vagrant\bin;C:\Program Files (x86)\Windows Kits\10\Windows Performance Toolkit\;C:\Program Files (x86)\Skype\Phone\;C:\Program Files (x86)\Visual Leak Detector\bin\Win32;C:\Program Files (x86)\Visual Leak Detector\bin\Win64;C:\Program Files\Java\jdk1.8.0_144\bin
USERNAME=prost
OS=Windows_NT
PROCESSOR_IDENTIFIER=AMD64 Family 21 Model 48 Stepping 1, AuthenticAMD



---------------  S Y S T E M  ---------------

OS: Windows 8.1 , 64 bit Build 9600 (6.3.9600.17415)

CPU:total 4 (initial active 4) (4 cores per cpu, 1 threads per core) family 21 model 48 stepping 1, cmov, cx8, fxsr, mmx, sse, sse2, sse3, ssse3, sse4.1, sse4.2, popcnt, avx, aes, clmul, mmxext, 3dnowpref, lzcnt, sse4a, tsc, tscinvbit, tscinv, bmi1

Memory: 4k page, physical 7285000k(2900492k free), swap 14625032k(9035908k free)

vm_info: Java HotSpot(TM) 64-Bit Server VM (25.144-b01) for windows-amd64 JRE (1.8.0_144-b01), built on Jul 21 2017 21:57:33 by "java_re" with MS VC++ 10.0 (VS2010)

time: Mon Nov 27 13:35:54 2017
elapsed time: 7 seconds (0d 0h 0m 7s)

